<?xml version="1.0" encoding="UTF-8"?>
<!-- Generated by org.testng.reporters.JUnitReportReporter -->
<testsuite hostname="DESKTOP-K4PK96U" failures="0" tests="1" name="practicTest.HelloWorld" time="0.016" errors="0" timestamp="2022-12-04T21:45:24 IST" skipped="0">
  <testcase classname="practicTest.HelloWorld" name="testhelloworld" time="0.016"/>
  <system-out/>
</testsuite> <!-- practicTest.HelloWorld -->
